<?xml version="1.0" encoding="UTF-8"?>
<!-- Generated by org.testng.reporters.JUnitReportReporter -->
<testsuite hostname="DESKTOP-1P5QBPD" failures="0" tests="1" name="BotAutomationProject.DreamHotelSuite.FirstTest" time="5.261" errors="0" timestamp="2023-06-27T17:00:23 IST" skipped="0">
  <testcase classname="BotAutomationProject.DreamHotelSuite.FirstTest" name="DreamHotelTest1" time="5.261"/>
  <system-out/>
</testsuite> <!-- BotAutomationProject.DreamHotelSuite.FirstTest -->
